{"/Users/chaoran/esc-project-c2t1/controllers/reportController.js": {"path":"/Users/chaoran/esc-project-c2t1/controllers/reportController.js","statementMap":{"0":{"start":{"line":2,"column":21},"end":{"line":2,"column":49}},"1":{"start":{"line":3,"column":35},"end":{"line":3,"column":67}},"2":{"start":{"line":5,"column":23},"end":{"line":14,"column":1}},"3":{"start":{"line":6,"column":4},"end":{"line":6,"column":24}},"4":{"start":{"line":6,"column":14},"end":{"line":6,"column":24}},"5":{"start":{"line":7,"column":16},"end":{"line":7,"column":27}},"6":{"start":{"line":8,"column":4},"end":{"line":12,"column":5}},"7":{"start":{"line":9,"column":21},"end":{"line":9,"column":40}},"8":{"start":{"line":10,"column":21},"end":{"line":10,"column":37}},"9":{"start":{"line":11,"column":8},"end":{"line":11,"column":51}},"10":{"start":{"line":13,"column":4},"end":{"line":13,"column":15}},"11":{"start":{"line":16,"column":25},"end":{"line":79,"column":1}},"12":{"start":{"line":17,"column":4},"end":{"line":78,"column":5}},"13":{"start":{"line":18,"column":26},"end":{"line":18,"column":39}},"14":{"start":{"line":19,"column":37},"end":{"line":19,"column":46}},"15":{"start":{"line":21,"column":27},"end":{"line":21,"column":89}},"16":{"start":{"line":23,"column":8},"end":{"line":28,"column":9}},"17":{"start":{"line":24,"column":12},"end":{"line":27,"column":15}},"18":{"start":{"line":30,"column":61},"end":{"line":30,"column":71}},"19":{"start":{"line":32,"column":34},"end":{"line":32,"column":36}},"20":{"start":{"line":34,"column":8},"end":{"line":45,"column":11}},"21":{"start":{"line":35,"column":24},"end":{"line":35,"column":39}},"22":{"start":{"line":36,"column":25},"end":{"line":36,"column":52}},"23":{"start":{"line":38,"column":12},"end":{"line":40,"column":13}},"24":{"start":{"line":39,"column":16},"end":{"line":39,"column":44}},"25":{"start":{"line":41,"column":12},"end":{"line":43,"column":13}},"26":{"start":{"line":42,"column":16},"end":{"line":42,"column":50}},"27":{"start":{"line":44,"column":12},"end":{"line":44,"column":52}},"28":{"start":{"line":47,"column":8},"end":{"line":56,"column":9}},"29":{"start":{"line":48,"column":28},"end":{"line":48,"column":59}},"30":{"start":{"line":49,"column":12},"end":{"line":53,"column":15}},"31":{"start":{"line":55,"column":12},"end":{"line":55,"column":51}},"32":{"start":{"line":58,"column":35},"end":{"line":61,"column":11}},"33":{"start":{"line":58,"column":74},"end":{"line":61,"column":9}},"34":{"start":{"line":63,"column":8},"end":{"line":70,"column":11}},"35":{"start":{"line":73,"column":8},"end":{"line":73,"column":54}},"36":{"start":{"line":74,"column":8},"end":{"line":77,"column":11}},"37":{"start":{"line":81,"column":26},"end":{"line":108,"column":1}},"38":{"start":{"line":82,"column":4},"end":{"line":107,"column":5}},"39":{"start":{"line":83,"column":26},"end":{"line":83,"column":39}},"40":{"start":{"line":84,"column":37},"end":{"line":84,"column":46}},"41":{"start":{"line":86,"column":27},"end":{"line":86,"column":89}},"42":{"start":{"line":87,"column":8},"end":{"line":89,"column":9}},"43":{"start":{"line":88,"column":12},"end":{"line":88,"column":77}},"44":{"start":{"line":91,"column":41},"end":{"line":91,"column":51}},"45":{"start":{"line":92,"column":34},"end":{"line":92,"column":36}},"46":{"start":{"line":94,"column":8},"end":{"line":100,"column":11}},"47":{"start":{"line":95,"column":24},"end":{"line":95,"column":39}},"48":{"start":{"line":96,"column":25},"end":{"line":96,"column":52}},"49":{"start":{"line":97,"column":12},"end":{"line":97,"column":69}},"50":{"start":{"line":97,"column":41},"end":{"line":97,"column":69}},"51":{"start":{"line":98,"column":12},"end":{"line":98,"column":81}},"52":{"start":{"line":98,"column":47},"end":{"line":98,"column":81}},"53":{"start":{"line":99,"column":12},"end":{"line":99,"column":52}},"54":{"start":{"line":102,"column":26},"end":{"line":102,"column":82}},"55":{"start":{"line":103,"column":8},"end":{"line":103,"column":32}},"56":{"start":{"line":105,"column":8},"end":{"line":105,"column":61}},"57":{"start":{"line":106,"column":8},"end":{"line":106,"column":73}},"58":{"start":{"line":110,"column":0},"end":{"line":110,"column":57}}},"fnMap":{"0":{"name":"(anonymous_0)","decl":{"start":{"line":5,"column":23},"end":{"line":5,"column":24}},"loc":{"start":{"line":5,"column":32},"end":{"line":14,"column":1}},"line":5},"1":{"name":"(anonymous_1)","decl":{"start":{"line":16,"column":25},"end":{"line":16,"column":26}},"loc":{"start":{"line":16,"column":45},"end":{"line":79,"column":1}},"line":16},"2":{"name":"(anonymous_2)","decl":{"start":{"line":34,"column":36},"end":{"line":34,"column":37}},"loc":{"start":{"line":34,"column":44},"end":{"line":45,"column":9}},"line":34},"3":{"name":"(anonymous_3)","decl":{"start":{"line":58,"column":66},"end":{"line":58,"column":67}},"loc":{"start":{"line":58,"column":74},"end":{"line":61,"column":9}},"line":58},"4":{"name":"(anonymous_4)","decl":{"start":{"line":81,"column":26},"end":{"line":81,"column":27}},"loc":{"start":{"line":81,"column":46},"end":{"line":108,"column":1}},"line":81},"5":{"name":"(anonymous_5)","decl":{"start":{"line":94,"column":36},"end":{"line":94,"column":37}},"loc":{"start":{"line":94,"column":44},"end":{"line":100,"column":9}},"line":94}},"branchMap":{"0":{"loc":{"start":{"line":6,"column":4},"end":{"line":6,"column":24}},"type":"if","locations":[{"start":{"line":6,"column":4},"end":{"line":6,"column":24}},{"start":{},"end":{}}],"line":6},"1":{"loc":{"start":{"line":8,"column":4},"end":{"line":12,"column":5}},"type":"if","locations":[{"start":{"line":8,"column":4},"end":{"line":12,"column":5}},{"start":{},"end":{}}],"line":8},"2":{"loc":{"start":{"line":23,"column":8},"end":{"line":28,"column":9}},"type":"if","locations":[{"start":{"line":23,"column":8},"end":{"line":28,"column":9}},{"start":{},"end":{}}],"line":23},"3":{"loc":{"start":{"line":34,"column":9},"end":{"line":34,"column":26}},"type":"binary-expr","locations":[{"start":{"line":34,"column":9},"end":{"line":34,"column":20}},{"start":{"line":34,"column":24},"end":{"line":34,"column":26}}],"line":34},"4":{"loc":{"start":{"line":36,"column":25},"end":{"line":36,"column":52}},"type":"binary-expr","locations":[{"start":{"line":36,"column":25},"end":{"line":36,"column":39}},{"start":{"line":36,"column":43},"end":{"line":36,"column":52}}],"line":36},"5":{"loc":{"start":{"line":38,"column":12},"end":{"line":40,"column":13}},"type":"if","locations":[{"start":{"line":38,"column":12},"end":{"line":40,"column":13}},{"start":{},"end":{}}],"line":38},"6":{"loc":{"start":{"line":41,"column":12},"end":{"line":43,"column":13}},"type":"if","locations":[{"start":{"line":41,"column":12},"end":{"line":43,"column":13}},{"start":{},"end":{}}],"line":41},"7":{"loc":{"start":{"line":47,"column":8},"end":{"line":56,"column":9}},"type":"if","locations":[{"start":{"line":47,"column":8},"end":{"line":56,"column":9}},{"start":{"line":54,"column":15},"end":{"line":56,"column":9}}],"line":47},"8":{"loc":{"start":{"line":58,"column":36},"end":{"line":58,"column":60}},"type":"binary-expr","locations":[{"start":{"line":58,"column":36},"end":{"line":58,"column":54}},{"start":{"line":58,"column":58},"end":{"line":58,"column":60}}],"line":58},"9":{"loc":{"start":{"line":67,"column":30},"end":{"line":67,"column":71}},"type":"binary-expr","locations":[{"start":{"line":67,"column":30},"end":{"line":67,"column":38}},{"start":{"line":67,"column":43},"end":{"line":67,"column":64}},{"start":{"line":67,"column":68},"end":{"line":67,"column":70}}],"line":67},"10":{"loc":{"start":{"line":68,"column":28},"end":{"line":68,"column":95}},"type":"binary-expr","locations":[{"start":{"line":68,"column":28},"end":{"line":68,"column":34}},{"start":{"line":68,"column":39},"end":{"line":68,"column":88}},{"start":{"line":68,"column":92},"end":{"line":68,"column":94}}],"line":68},"11":{"loc":{"start":{"line":87,"column":8},"end":{"line":89,"column":9}},"type":"if","locations":[{"start":{"line":87,"column":8},"end":{"line":89,"column":9}},{"start":{},"end":{}}],"line":87},"12":{"loc":{"start":{"line":94,"column":9},"end":{"line":94,"column":26}},"type":"binary-expr","locations":[{"start":{"line":94,"column":9},"end":{"line":94,"column":20}},{"start":{"line":94,"column":24},"end":{"line":94,"column":26}}],"line":94},"13":{"loc":{"start":{"line":96,"column":25},"end":{"line":96,"column":52}},"type":"binary-expr","locations":[{"start":{"line":96,"column":25},"end":{"line":96,"column":39}},{"start":{"line":96,"column":43},"end":{"line":96,"column":52}}],"line":96},"14":{"loc":{"start":{"line":97,"column":12},"end":{"line":97,"column":69}},"type":"if","locations":[{"start":{"line":97,"column":12},"end":{"line":97,"column":69}},{"start":{},"end":{}}],"line":97},"15":{"loc":{"start":{"line":98,"column":12},"end":{"line":98,"column":81}},"type":"if","locations":[{"start":{"line":98,"column":12},"end":{"line":98,"column":81}},{"start":{},"end":{}}],"line":98}},"s":{"0":2,"1":2,"2":2,"3":2,"4":0,"5":2,"6":2,"7":2,"8":2,"9":2,"10":0,"11":2,"12":3,"13":3,"14":3,"15":3,"16":2,"17":1,"18":1,"19":1,"20":1,"21":2,"22":2,"23":2,"24":1,"25":2,"26":2,"27":2,"28":1,"29":1,"30":1,"31":0,"32":1,"33":2,"34":1,"35":1,"36":1,"37":2,"38":0,"39":0,"40":0,"41":0,"42":0,"43":0,"44":0,"45":0,"46":0,"47":0,"48":0,"49":0,"50":0,"51":0,"52":0,"53":0,"54":0,"55":0,"56":0,"57":0,"58":2},"f":{"0":2,"1":3,"2":2,"3":2,"4":0,"5":0},"b":{"0":[0,2],"1":[2,0],"2":[1,1],"3":[1,0],"4":[2,0],"5":[1,1],"6":[2,0],"7":[1,0],"8":[1,0],"9":[1,0,0],"10":[1,0,0],"11":[0,0],"12":[0,0],"13":[0,0],"14":[0,0],"15":[0,0]},"_coverageSchema":"1a1c01bbd47fc00a2c39e90264f33305004495a9","hash":"0c88022d1f44e3f076e5a47721d433b3771812c5"}
,"/Users/chaoran/esc-project-c2t1/models/db.js": {"path":"/Users/chaoran/esc-project-c2t1/models/db.js","statementMap":{"0":{"start":{"line":1,"column":0},"end":{"line":1,"column":27}},"1":{"start":{"line":2,"column":14},"end":{"line":2,"column":39}},"2":{"start":{"line":4,"column":13},"end":{"line":13,"column":2}},"3":{"start":{"line":15,"column":0},"end":{"line":25,"column":1}},"4":{"start":{"line":16,"column":2},"end":{"line":24,"column":7}},"5":{"start":{"line":17,"column":4},"end":{"line":23,"column":5}},"6":{"start":{"line":18,"column":25},"end":{"line":18,"column":51}},"7":{"start":{"line":19,"column":6},"end":{"line":19,"column":71}},"8":{"start":{"line":20,"column":6},"end":{"line":20,"column":27}},"9":{"start":{"line":22,"column":6},"end":{"line":22,"column":64}},"10":{"start":{"line":27,"column":0},"end":{"line":27,"column":22}}},"fnMap":{"0":{"name":"(anonymous_0)","decl":{"start":{"line":16,"column":3},"end":{"line":16,"column":4}},"loc":{"start":{"line":16,"column":15},"end":{"line":24,"column":3}},"line":16}},"branchMap":{"0":{"loc":{"start":{"line":6,"column":19},"end":{"line":6,"column":48}},"type":"binary-expr","locations":[{"start":{"line":6,"column":19},"end":{"line":6,"column":38}},{"start":{"line":6,"column":42},"end":{"line":6,"column":48}}],"line":6},"1":{"loc":{"start":{"line":15,"column":0},"end":{"line":25,"column":1}},"type":"if","locations":[{"start":{"line":15,"column":0},"end":{"line":25,"column":1}},{"start":{},"end":{}}],"line":15}},"s":{"0":1,"1":1,"2":1,"3":1,"4":0,"5":0,"6":0,"7":0,"8":0,"9":0,"10":1},"f":{"0":0},"b":{"0":[1,0],"1":[0,1]},"_coverageSchema":"1a1c01bbd47fc00a2c39e90264f33305004495a9","hash":"96d176eea242d21d8bb6967694b13c5efd859c5c"}
,"/Users/chaoran/esc-project-c2t1/models/student.js": {"path":"/Users/chaoran/esc-project-c2t1/models/student.js","statementMap":{"0":{"start":{"line":1,"column":13},"end":{"line":1,"column":28}},"1":{"start":{"line":6,"column":19},"end":{"line":9,"column":5}},"2":{"start":{"line":10,"column":4},"end":{"line":10,"column":16}},"3":{"start":{"line":14,"column":19},"end":{"line":21,"column":5}},"4":{"start":{"line":22,"column":4},"end":{"line":22,"column":39}},"5":{"start":{"line":22,"column":27},"end":{"line":22,"column":39}},"6":{"start":{"line":23,"column":4},"end":{"line":23,"column":19}},"7":{"start":{"line":27,"column":19},"end":{"line":27,"column":94}},"8":{"start":{"line":28,"column":4},"end":{"line":28,"column":27}},"9":{"start":{"line":32,"column":23},"end":{"line":32,"column":49}},"10":{"start":{"line":33,"column":4},"end":{"line":50,"column":5}},"11":{"start":{"line":34,"column":8},"end":{"line":34,"column":44}},"12":{"start":{"line":36,"column":8},"end":{"line":41,"column":10}},"13":{"start":{"line":43,"column":8},"end":{"line":43,"column":34}},"14":{"start":{"line":44,"column":8},"end":{"line":44,"column":30}},"15":{"start":{"line":46,"column":8},"end":{"line":46,"column":36}},"16":{"start":{"line":47,"column":8},"end":{"line":47,"column":20}},"17":{"start":{"line":49,"column":8},"end":{"line":49,"column":29}},"18":{"start":{"line":54,"column":21},"end":{"line":58,"column":5}},"19":{"start":{"line":59,"column":4},"end":{"line":59,"column":35}},"20":{"start":{"line":63,"column":22},"end":{"line":63,"column":39}},"21":{"start":{"line":64,"column":19},"end":{"line":68,"column":5}},"22":{"start":{"line":69,"column":4},"end":{"line":69,"column":16}},"23":{"start":{"line":73,"column":4},"end":{"line":73,"column":87}},"24":{"start":{"line":74,"column":4},"end":{"line":74,"column":44}},"25":{"start":{"line":74,"column":37},"end":{"line":74,"column":44}},"26":{"start":{"line":76,"column":19},"end":{"line":78,"column":5}},"27":{"start":{"line":79,"column":4},"end":{"line":81,"column":5}},"28":{"start":{"line":80,"column":8},"end":{"line":80,"column":129}},"29":{"start":{"line":86,"column":19},"end":{"line":88,"column":5}},"30":{"start":{"line":89,"column":4},"end":{"line":89,"column":70}},"31":{"start":{"line":89,"column":28},"end":{"line":89,"column":67}},"32":{"start":{"line":95,"column":4},"end":{"line":95,"column":84}},"33":{"start":{"line":96,"column":4},"end":{"line":100,"column":5}},"34":{"start":{"line":97,"column":8},"end":{"line":99,"column":101}},"35":{"start":{"line":106,"column":20},"end":{"line":106,"column":51}},"36":{"start":{"line":107,"column":4},"end":{"line":107,"column":63}},"37":{"start":{"line":107,"column":18},"end":{"line":107,"column":63}},"38":{"start":{"line":110,"column":22},"end":{"line":116,"column":5}},"39":{"start":{"line":117,"column":31},"end":{"line":117,"column":61}},"40":{"start":{"line":117,"column":48},"end":{"line":117,"column":60}},"41":{"start":{"line":120,"column":27},"end":{"line":120,"column":100}},"42":{"start":{"line":121,"column":25},"end":{"line":121,"column":68}},"43":{"start":{"line":124,"column":26},"end":{"line":139,"column":5}},"44":{"start":{"line":141,"column":4},"end":{"line":145,"column":6}},"45":{"start":{"line":148,"column":0},"end":{"line":156,"column":2}}},"fnMap":{"0":{"name":"getAllStudents","decl":{"start":{"line":5,"column":15},"end":{"line":5,"column":29}},"loc":{"start":{"line":5,"column":32},"end":{"line":11,"column":1}},"line":5},"1":{"name":"getStudentById","decl":{"start":{"line":13,"column":15},"end":{"line":13,"column":29}},"loc":{"start":{"line":13,"column":34},"end":{"line":24,"column":1}},"line":13},"2":{"name":"studentExists","decl":{"start":{"line":26,"column":15},"end":{"line":26,"column":28}},"loc":{"start":{"line":26,"column":33},"end":{"line":29,"column":1}},"line":26},"3":{"name":"addStudent","decl":{"start":{"line":31,"column":15},"end":{"line":31,"column":25}},"loc":{"start":{"line":31,"column":32},"end":{"line":51,"column":1}},"line":31},"4":{"name":"updateStudent","decl":{"start":{"line":53,"column":15},"end":{"line":53,"column":28}},"loc":{"start":{"line":53,"column":39},"end":{"line":60,"column":1}},"line":53},"5":{"name":"searchStudents","decl":{"start":{"line":62,"column":15},"end":{"line":62,"column":29}},"loc":{"start":{"line":62,"column":42},"end":{"line":70,"column":1}},"line":62},"6":{"name":"setProgrammesForStudent","decl":{"start":{"line":72,"column":15},"end":{"line":72,"column":38}},"loc":{"start":{"line":72,"column":66},"end":{"line":82,"column":1}},"line":72},"7":{"name":"getContactsForStudent","decl":{"start":{"line":85,"column":15},"end":{"line":85,"column":36}},"loc":{"start":{"line":85,"column":48},"end":{"line":90,"column":1}},"line":85},"8":{"name":"(anonymous_8)","decl":{"start":{"line":89,"column":20},"end":{"line":89,"column":21}},"loc":{"start":{"line":89,"column":28},"end":{"line":89,"column":67}},"line":89},"9":{"name":"setContactsForStudent","decl":{"start":{"line":94,"column":15},"end":{"line":94,"column":36}},"loc":{"start":{"line":94,"column":58},"end":{"line":101,"column":1}},"line":94},"10":{"name":"generateReport","decl":{"start":{"line":104,"column":15},"end":{"line":104,"column":29}},"loc":{"start":{"line":104,"column":59},"end":{"line":146,"column":1}},"line":104},"11":{"name":"(anonymous_11)","decl":{"start":{"line":117,"column":43},"end":{"line":117,"column":44}},"loc":{"start":{"line":117,"column":48},"end":{"line":117,"column":60}},"line":117}},"branchMap":{"0":{"loc":{"start":{"line":22,"column":4},"end":{"line":22,"column":39}},"type":"if","locations":[{"start":{"line":22,"column":4},"end":{"line":22,"column":39}},{"start":{},"end":{}}],"line":22},"1":{"loc":{"start":{"line":74,"column":4},"end":{"line":74,"column":44}},"type":"if","locations":[{"start":{"line":74,"column":4},"end":{"line":74,"column":44}},{"start":{},"end":{}}],"line":74},"2":{"loc":{"start":{"line":99,"column":79},"end":{"line":99,"column":98}},"type":"cond-expr","locations":[{"start":{"line":99,"column":93},"end":{"line":99,"column":94}},{"start":{"line":99,"column":97},"end":{"line":99,"column":98}}],"line":99},"3":{"loc":{"start":{"line":107,"column":4},"end":{"line":107,"column":63}},"type":"if","locations":[{"start":{"line":107,"column":4},"end":{"line":107,"column":63}},{"start":{},"end":{}}],"line":107},"4":{"loc":{"start":{"line":120,"column":27},"end":{"line":120,"column":100}},"type":"binary-expr","locations":[{"start":{"line":120,"column":27},"end":{"line":120,"column":35}},{"start":{"line":120,"column":39},"end":{"line":120,"column":88}},{"start":{"line":120,"column":92},"end":{"line":120,"column":100}}],"line":120},"5":{"loc":{"start":{"line":121,"column":25},"end":{"line":121,"column":68}},"type":"binary-expr","locations":[{"start":{"line":121,"column":25},"end":{"line":121,"column":31}},{"start":{"line":121,"column":35},"end":{"line":121,"column":56}},{"start":{"line":121,"column":60},"end":{"line":121,"column":68}}],"line":121}},"s":{"0":3,"1":0,"2":0,"3":3,"4":3,"5":1,"6":2,"7":0,"8":0,"9":0,"10":0,"11":0,"12":0,"13":0,"14":0,"15":0,"16":0,"17":0,"18":0,"19":0,"20":0,"21":0,"22":0,"23":0,"24":0,"25":0,"26":0,"27":0,"28":0,"29":0,"30":0,"31":0,"32":0,"33":0,"34":0,"35":3,"36":3,"37":1,"38":2,"39":2,"40":4,"41":2,"42":2,"43":2,"44":2,"45":3},"f":{"0":0,"1":3,"2":0,"3":0,"4":0,"5":0,"6":0,"7":0,"8":0,"9":0,"10":3,"11":4},"b":{"0":[1,2],"1":[0,0],"2":[0,0],"3":[1,2],"4":[2,1,0],"5":[2,1,0]},"_coverageSchema":"1a1c01bbd47fc00a2c39e90264f33305004495a9","hash":"bb4fcfaa819f3ec6eb95d6b95d92ec307bf7490c"}
,"/Users/chaoran/esc-project-c2t1/routes/report.js": {"path":"/Users/chaoran/esc-project-c2t1/routes/report.js","statementMap":{"0":{"start":{"line":1,"column":14},"end":{"line":1,"column":32}},"1":{"start":{"line":2,"column":13},"end":{"line":2,"column":29}},"2":{"start":{"line":3,"column":23},"end":{"line":3,"column":65}},"3":{"start":{"line":5,"column":0},"end":{"line":5,"column":62}},"4":{"start":{"line":6,"column":0},"end":{"line":6,"column":74}},"5":{"start":{"line":8,"column":0},"end":{"line":8,"column":24}}},"fnMap":{},"branchMap":{},"s":{"0":1,"1":1,"2":1,"3":1,"4":1,"5":1},"f":{},"b":{},"_coverageSchema":"1a1c01bbd47fc00a2c39e90264f33305004495a9","hash":"50f4af193c47793858c27c94039a96fc88f8e058"}
,"/Users/chaoran/esc-project-c2t1/services/aiService.js": {"path":"/Users/chaoran/esc-project-c2t1/services/aiService.js","statementMap":{"0":{"start":{"line":1,"column":15},"end":{"line":1,"column":32}},"1":{"start":{"line":4,"column":15},"end":{"line":7,"column":2}},"2":{"start":{"line":16,"column":4},"end":{"line":85,"column":5}},"3":{"start":{"line":18,"column":28},"end":{"line":35,"column":10}},"4":{"start":{"line":19,"column":26},"end":{"line":19,"column":28}},"5":{"start":{"line":20,"column":12},"end":{"line":33,"column":15}},"6":{"start":{"line":21,"column":16},"end":{"line":32,"column":19}},"7":{"start":{"line":22,"column":34},"end":{"line":22,"column":49}},"8":{"start":{"line":23,"column":40},"end":{"line":23,"column":61}},"9":{"start":{"line":24,"column":20},"end":{"line":31,"column":23}},"10":{"start":{"line":34,"column":12},"end":{"line":34,"column":60}},"11":{"start":{"line":37,"column":29},"end":{"line":45,"column":55}},"12":{"start":{"line":47,"column":27},"end":{"line":64,"column":1}},"13":{"start":{"line":66,"column":27},"end":{"line":73,"column":10}},"14":{"start":{"line":75,"column":25},"end":{"line":75,"column":62}},"15":{"start":{"line":78,"column":8},"end":{"line":78,"column":84}},"16":{"start":{"line":80,"column":8},"end":{"line":80,"column":26}},"17":{"start":{"line":83,"column":8},"end":{"line":83,"column":62}},"18":{"start":{"line":84,"column":8},"end":{"line":84,"column":121}},"19":{"start":{"line":88,"column":0},"end":{"line":88,"column":44}}},"fnMap":{"0":{"name":"generateStudentInsight","decl":{"start":{"line":15,"column":15},"end":{"line":15,"column":37}},"loc":{"start":{"line":15,"column":66},"end":{"line":86,"column":1}},"line":15},"1":{"name":"(anonymous_1)","decl":{"start":{"line":18,"column":72},"end":{"line":18,"column":73}},"loc":{"start":{"line":18,"column":98},"end":{"line":35,"column":9}},"line":18},"2":{"name":"(anonymous_2)","decl":{"start":{"line":20,"column":47},"end":{"line":20,"column":48}},"loc":{"start":{"line":20,"column":70},"end":{"line":33,"column":13}},"line":20},"3":{"name":"(anonymous_3)","decl":{"start":{"line":21,"column":30},"end":{"line":21,"column":31}},"loc":{"start":{"line":21,"column":35},"end":{"line":32,"column":17}},"line":21}},"branchMap":{"0":{"loc":{"start":{"line":6,"column":12},"end":{"line":6,"column":61}},"type":"binary-expr","locations":[{"start":{"line":6,"column":12},"end":{"line":6,"column":40}},{"start":{"line":6,"column":44},"end":{"line":6,"column":61}}],"line":6},"1":{"loc":{"start":{"line":18,"column":43},"end":{"line":18,"column":66}},"type":"binary-expr","locations":[{"start":{"line":18,"column":43},"end":{"line":18,"column":60}},{"start":{"line":18,"column":64},"end":{"line":18,"column":66}}],"line":18},"2":{"loc":{"start":{"line":30,"column":30},"end":{"line":30,"column":56}},"type":"binary-expr","locations":[{"start":{"line":30,"column":30},"end":{"line":30,"column":46}},{"start":{"line":30,"column":50},"end":{"line":30,"column":56}}],"line":30},"3":{"loc":{"start":{"line":54,"column":16},"end":{"line":54,"column":44}},"type":"binary-expr","locations":[{"start":{"line":54,"column":16},"end":{"line":54,"column":35}},{"start":{"line":54,"column":39},"end":{"line":54,"column":44}}],"line":54}},"s":{"0":3,"1":3,"2":1,"3":1,"4":1,"5":1,"6":1,"7":1,"8":1,"9":1,"10":1,"11":1,"12":1,"13":1,"14":1,"15":1,"16":1,"17":0,"18":0,"19":3},"f":{"0":1,"1":1,"2":1,"3":1},"b":{"0":[3,1],"1":[1,0],"2":[1,1],"3":[1,1]},"_coverageSchema":"1a1c01bbd47fc00a2c39e90264f33305004495a9","hash":"92f30fbf5711a371d2ba4cc65f94f9fcf7a27b5d"}
}
