TN:
SF:controllers/reportController.js
FN:5,(anonymous_0)
FN:16,(anonymous_1)
FN:34,(anonymous_2)
FN:58,(anonymous_3)
FN:81,(anonymous_4)
FN:94,(anonymous_5)
FNF:6
FNH:4
FNDA:2,(anonymous_0)
FNDA:3,(anonymous_1)
FNDA:2,(anonymous_2)
FNDA:2,(anonymous_3)
FNDA:0,(anonymous_4)
FNDA:0,(anonymous_5)
DA:2,2
DA:3,2
DA:5,2
DA:6,2
DA:7,2
DA:8,2
DA:9,2
DA:10,2
DA:11,2
DA:13,0
DA:16,2
DA:17,3
DA:18,3
DA:19,3
DA:21,3
DA:23,2
DA:24,1
DA:30,1
DA:32,1
DA:34,1
DA:35,2
DA:36,2
DA:38,2
DA:39,1
DA:41,2
DA:42,2
DA:44,2
DA:47,1
DA:48,1
DA:49,1
DA:55,0
DA:58,2
DA:63,1
DA:73,1
DA:74,1
DA:81,2
DA:82,0
DA:83,0
DA:84,0
DA:86,0
DA:87,0
DA:88,0
DA:91,0
DA:92,0
DA:94,0
DA:95,0
DA:96,0
DA:97,0
DA:98,0
DA:99,0
DA:102,0
DA:103,0
DA:105,0
DA:106,0
DA:110,2
LF:55
LH:35
BRDA:6,0,0,0
BRDA:6,0,1,2
BRDA:8,1,0,2
BRDA:8,1,1,0
BRDA:23,2,0,1
BRDA:23,2,1,1
BRDA:34,3,0,1
BRDA:34,3,1,0
BRDA:36,4,0,2
BRDA:36,4,1,0
BRDA:38,5,0,1
BRDA:38,5,1,1
BRDA:41,6,0,2
BRDA:41,6,1,0
BRDA:47,7,0,1
BRDA:47,7,1,0
BRDA:58,8,0,1
BRDA:58,8,1,0
BRDA:67,9,0,1
BRDA:67,9,1,0
BRDA:67,9,2,0
BRDA:68,10,0,1
BRDA:68,10,1,0
BRDA:68,10,2,0
BRDA:87,11,0,0
BRDA:87,11,1,0
BRDA:94,12,0,0
BRDA:94,12,1,0
BRDA:96,13,0,0
BRDA:96,13,1,0
BRDA:97,14,0,0
BRDA:97,14,1,0
BRDA:98,15,0,0
BRDA:98,15,1,0
BRF:34
BRH:13
end_of_record
TN:
SF:models/db.js
FN:16,(anonymous_0)
FNF:1
FNH:0
FNDA:0,(anonymous_0)
DA:1,1
DA:2,1
DA:4,1
DA:15,1
DA:16,0
DA:17,0
DA:18,0
DA:19,0
DA:20,0
DA:22,0
DA:27,1
LF:11
LH:5
BRDA:6,0,0,1
BRDA:6,0,1,0
BRDA:15,1,0,0
BRDA:15,1,1,1
BRF:4
BRH:2
end_of_record
TN:
SF:models/student.js
FN:5,getAllStudents
FN:13,getStudentById
FN:26,studentExists
FN:31,addStudent
FN:53,updateStudent
FN:62,searchStudents
FN:72,setProgrammesForStudent
FN:85,getContactsForStudent
FN:89,(anonymous_8)
FN:94,setContactsForStudent
FN:104,generateReport
FN:117,(anonymous_11)
FNF:12
FNH:3
FNDA:0,getAllStudents
FNDA:3,getStudentById
FNDA:0,studentExists
FNDA:0,addStudent
FNDA:0,updateStudent
FNDA:0,searchStudents
FNDA:0,setProgrammesForStudent
FNDA:0,getContactsForStudent
FNDA:0,(anonymous_8)
FNDA:0,setContactsForStudent
FNDA:3,generateReport
FNDA:4,(anonymous_11)
DA:1,3
DA:6,0
DA:10,0
DA:14,3
DA:22,3
DA:23,2
DA:27,0
DA:28,0
DA:32,0
DA:33,0
DA:34,0
DA:36,0
DA:43,0
DA:44,0
DA:46,0
DA:47,0
DA:49,0
DA:54,0
DA:59,0
DA:63,0
DA:64,0
DA:69,0
DA:73,0
DA:74,0
DA:76,0
DA:79,0
DA:80,0
DA:86,0
DA:89,0
DA:95,0
DA:96,0
DA:97,0
DA:106,3
DA:107,3
DA:110,2
DA:117,4
DA:120,2
DA:121,2
DA:124,2
DA:141,2
DA:148,3
LF:41
LH:13
BRDA:22,0,0,1
BRDA:22,0,1,2
BRDA:74,1,0,0
BRDA:74,1,1,0
BRDA:99,2,0,0
BRDA:99,2,1,0
BRDA:107,3,0,1
BRDA:107,3,1,2
BRDA:120,4,0,2
BRDA:120,4,1,1
BRDA:120,4,2,0
BRDA:121,5,0,2
BRDA:121,5,1,1
BRDA:121,5,2,0
BRF:14
BRH:8
end_of_record
TN:
SF:routes/report.js
FNF:0
FNH:0
DA:1,1
DA:2,1
DA:3,1
DA:5,1
DA:6,1
DA:8,1
LF:6
LH:6
BRF:0
BRH:0
end_of_record
TN:
SF:services/aiService.js
FN:15,generateStudentInsight
FN:18,(anonymous_1)
FN:20,(anonymous_2)
FN:21,(anonymous_3)
FNF:4
FNH:4
FNDA:1,generateStudentInsight
FNDA:1,(anonymous_1)
FNDA:1,(anonymous_2)
FNDA:1,(anonymous_3)
DA:1,3
DA:4,3
DA:16,1
DA:18,1
DA:19,1
DA:20,1
DA:21,1
DA:22,1
DA:23,1
DA:24,1
DA:34,1
DA:37,1
DA:47,1
DA:66,1
DA:75,1
DA:78,1
DA:80,1
DA:83,0
DA:84,0
DA:88,3
LF:20
LH:18
BRDA:6,0,0,3
BRDA:6,0,1,1
BRDA:18,1,0,1
BRDA:18,1,1,0
BRDA:30,2,0,1
BRDA:30,2,1,1
BRDA:54,3,0,1
BRDA:54,3,1,1
BRF:8
BRH:7
end_of_record
